{"level":"info","message":"Server is running on port 5000"}
{"level":"info","message":"Calculating Merkle"}
{"level":"info","message":"Data added to IPFS"}
{"level":"info","message":"Connecting with Blockchain"}
{"level":"error","message":"Error: contract.methods.addData is not a function"}
{"level":"info","message":"Server is running on port 5000"}
{"level":"info","message":"Verifying product..."}
{"level":"warn","message":"Product not found in database"}
{"level":"info","message":"Verifying product..."}
{"level":"info","message":"Blockchain Merkle Root: 0xdb5bc44c5643a02060d79fd1cb756a3ef7e5a60164bee0eedf6dc8535275ee5d"}
{"level":"info","message":"Calculated Merkle Root: 0xdb5bc44c5643a02060d79fd1cb756a3ef7e5a60164bee0eedf6dc8535275ee5d"}
{"level":"info","message":"Authentic Product"}
{"level":"info","message":"Calculating Merkle"}
{"level":"info","message":"Data added to IPFS"}
{"level":"info","message":"Connecting with Blockchain"}
{"level":"info","message":"Transaction Under Process..."}
{"level":"info","message":"CID: QmYQw2wwwa5jErNhnAQwoiGGMxCScU38yCXwasA5SdWwzh"}
{"level":"info","message":"Merkle Root: 0x028f2a4b17b1066c7332d79205c45043df5d2aa3b732e9fb4d218c7d0d4b9242"}
{"level":"info","message":"Transaction Successful"}
{"level":"info","message":"Verifying product..."}
{"level":"info","message":"Blockchain Merkle Root: 0x028f2a4b17b1066c7332d79205c45043df5d2aa3b732e9fb4d218c7d0d4b9242"}
{"level":"info","message":"Calculated Merkle Root: 0x028f2a4b17b1066c7332d79205c45043df5d2aa3b732e9fb4d218c7d0d4b9242"}
{"level":"info","message":"Authentic Product"}
